=== Suite started at 2024-03-11 05:03:05
=== Starting test, 1 test cases
=cases         1
=user          dmytro
=host          b08-dit-200584
=hosts         b08-dit-200584 
=emulator_vsn  11.2.2.18
=emulator      beam
=otp_release   23
=started       2024-03-11 05:03:05
=case          ct_framework:init_per_suite
=logfile       ct_framework.init_per_suite.html
=group_props   [{suite,cache_app_SUITE}]
=started       2024-03-11 05:03:05
=ended         2024-03-11 05:03:05
=result        ok
=elapsed       0.0
=case          cache_app_SUITE:test_ttl
=logfile       cache_app_suite.test_ttl.html
=started       2024-03-11 05:03:05
=ended         2024-03-11 05:03:06
=result        failed: {{badmatch,"value2"},
                        [{cache_app_SUITE,test_ttl,1,
                             [{file,"test/cache_app_SUITE.erl"},{line,28}]},
                         {test_server,ts_tc,3,
                             [{file,"test_server.erl"},{line,1784}]},
                         {test_server,run_test_case_eval1,6,
                             [{file,"test_server.erl"},{line,1293}]},
                         {test_server,run_test_case_eval,9,
                             [{file,"test_server.erl"},{line,1225}]}]}, [{cache_app_SUITE,
                                                                          test_ttl,
                                                                          28},
                                                                         {test_server,
                                                                          ts_tc,
                                                                          1784},
                                                                         {test_server,
                                                                          run_test_case_eval1,
                                                                          1293},
                                                                         {test_server,
                                                                          run_test_case_eval,
                                                                          1225}]
=== *** FAILED test case 1 of 1 ***
=case          ct_framework:end_per_suite
=logfile       ct_framework.end_per_suite.html
=group_props   [{suite,cache_app_SUITE}]
=started       2024-03-11 05:03:06
=ended         2024-03-11 05:03:06
=result        ok
=elapsed       0.0
=group_time    1.590s
=== TEST COMPLETE, 0 ok, 1 failed of 1 test cases

=finished      2024-03-11 05:03:06
=failed        1
=successful    0
=user_skipped  0
=auto_skipped  0
