=== Suite started at 2024-03-11 19:33:42
=== Starting test, 2 test cases
=cases         2
=user          dmytro
=host          b08-dit-200584
=hosts         b08-dit-200584 
=emulator_vsn  11.2.2.18
=emulator      beam
=otp_release   23
=started       2024-03-11 19:33:42
=case          ct_framework:init_per_suite
=logfile       ct_framework.init_per_suite.html
=group_props   [{suite,cache_app_SUITE}]
=started       2024-03-11 19:33:42
=ended         2024-03-11 19:33:42
=result        ok
=elapsed       0.0
=case          cache_app_SUITE:test_ttl
=logfile       cache_app_suite.test_ttl.html
=started       2024-03-11 19:33:42
=ended         2024-03-11 19:33:43
=result        failed: {{badmatch,"value2"},
                        [{cache_app_SUITE,test_ttl,1,
                             [{file,"test/cache_app_SUITE.erl"},{line,28}]},
                         {test_server,ts_tc,3,
                             [{file,"test_server.erl"},{line,1784}]},
                         {test_server,run_test_case_eval1,6,
                             [{file,"test_server.erl"},{line,1293}]},
                         {test_server,run_test_case_eval,9,
                             [{file,"test_server.erl"},{line,1225}]}]}, [{cache_app_SUITE,
                                                                          test_ttl,
                                                                          28},
                                                                         {test_server,
                                                                          ts_tc,
                                                                          1784},
                                                                         {test_server,
                                                                          run_test_case_eval1,
                                                                          1293},
                                                                         {test_server,
                                                                          run_test_case_eval,
                                                                          1225}]
=== *** FAILED test case 1 of 2 ***
=case          cache_app_SUITE:test_lookup
=logfile       cache_app_suite.test_lookup.html
=started       2024-03-11 19:33:43
=ended         2024-03-11 19:33:43
=result        ok
=elapsed       1.64e-4
=case          ct_framework:end_per_suite
=logfile       ct_framework.end_per_suite.html
=group_props   [{suite,cache_app_SUITE}]
=started       2024-03-11 19:33:43
=ended         2024-03-11 19:33:43
=result        ok
=elapsed       1.0e-6
=group_time    1.595s
=== TEST COMPLETE, 1 ok, 1 failed of 2 test cases

=finished      2024-03-11 19:33:43
=failed        1
=successful    1
=user_skipped  0
=auto_skipped  0
