=== Suite started at 2024-03-11 19:39:39
=== Starting test, 2 test cases
=cases         2
=user          dmytro
=host          b08-dit-200584
=hosts         b08-dit-200584 
=emulator_vsn  11.2.2.18
=emulator      beam
=otp_release   23
=started       2024-03-11 19:39:39
=case          ct_framework:init_per_suite
=logfile       ct_framework.init_per_suite.html
=group_props   [{suite,cache_app_SUITE}]
=started       2024-03-11 19:39:39
=ended         2024-03-11 19:39:39
=result        ok
=elapsed       0.0
=case          cache_app_SUITE:test_ttl
=logfile       cache_app_suite.test_ttl.html
=started       2024-03-11 19:39:39
=ended         2024-03-11 19:39:41
=result        ok
=elapsed       1.50085
=case          cache_app_SUITE:test_lookup
=logfile       cache_app_suite.test_lookup.html
=started       2024-03-11 19:39:41
=ended         2024-03-11 19:39:41
=result        ok
=elapsed       1.23e-4
=case          ct_framework:end_per_suite
=logfile       ct_framework.end_per_suite.html
=group_props   [{suite,cache_app_SUITE}]
=started       2024-03-11 19:39:41
=ended         2024-03-11 19:39:41
=result        ok
=elapsed       0.0
=group_time    1.602s
=== TEST COMPLETE, 2 ok, 0 failed of 2 test cases

=finished      2024-03-11 19:39:41
=failed        0
=successful    2
=user_skipped  0
=auto_skipped  0
