=== Suite started at 2024-03-11 19:31:26
=== Starting test, 2 test cases
=cases         2
=user          dmytro
=host          b08-dit-200584
=hosts         b08-dit-200584 
=emulator_vsn  11.2.2.18
=emulator      beam
=otp_release   23
=started       2024-03-11 19:31:26
=case          ct_framework:init_per_suite
=logfile       ct_framework.init_per_suite.html
=group_props   [{suite,cache_app_SUITE}]
=started       2024-03-11 19:31:26
=ended         2024-03-11 19:31:26
=result        ok
=elapsed       0.0
=case          cache_app_SUITE:test_ttl
=logfile       cache_app_suite.test_ttl.html
=started       2024-03-11 19:31:26
=ended         2024-03-11 19:31:26
=result        failed: {noproc,
                           {gen_server,call,[cache_srv,{create,test_table}]}}, [{gen_server,
                                                                                 call,
                                                                                 238},
                                                                                {cache_app_SUITE,
                                                                                 test_ttl,
                                                                                 25},
                                                                                {test_server,
                                                                                 ts_tc,
                                                                                 1784},
                                                                                {test_server,
                                                                                 run_test_case_eval1,
                                                                                 1293},
                                                                                {test_server,
                                                                                 run_test_case_eval,
                                                                                 1225}]
=== *** FAILED test case 1 of 2 ***
=case          cache_app_SUITE:test_lookup
=logfile       cache_app_suite.test_lookup.html
=started       2024-03-11 19:31:26
=ended         2024-03-11 19:31:26
=result        failed: {noproc,
                           {gen_server,call,[cache_srv,{create,test_table}]}}, [{gen_server,
                                                                                 call,
                                                                                 238},
                                                                                {cache_app_SUITE,
                                                                                 test_lookup,
                                                                                 31},
                                                                                {test_server,
                                                                                 ts_tc,
                                                                                 1784},
                                                                                {test_server,
                                                                                 run_test_case_eval1,
                                                                                 1293},
                                                                                {test_server,
                                                                                 run_test_case_eval,
                                                                                 1225}]
=== *** FAILED test case 2 of 2 ***
=case          ct_framework:end_per_suite
=logfile       ct_framework.end_per_suite.html
=group_props   [{suite,cache_app_SUITE}]
=started       2024-03-11 19:31:26
=ended         2024-03-11 19:31:26
=result        ok
=elapsed       0.0
=group_time    0.126s
=== TEST COMPLETE, 0 ok, 2 failed of 2 test cases

=finished      2024-03-11 19:31:26
=failed        2
=successful    0
=user_skipped  0
=auto_skipped  0
